  main.cpp
  Please define _WIN32_WINNT or _WIN32_WINDOWS appropriately. For example:
  - add -D_WIN32_WINNT=0x0601 to the compiler command line; or
  - add _WIN32_WINNT=0x0601 to your project's Preprocessor Definitions.
  Assuming _WIN32_WINNT=0x0601 (i.e. Windows 7 target).
C:\Users\why96\OneDrive\Documentos\VCPKG\vcpkg\installed\x86-windows\include\crow\routing.h(1212,1): warning C4267: 'argumento': conversión de 'size_t' a 'uint16_t'; posible pérdida de datos
C:\Users\why96\OneDrive\Documentos\VCPKG\vcpkg\installed\x86-windows\include\crow\http_connection.h(384,68): warning C4244: 'argumento': conversión de 'std::streamsize' a 'size_t'; posible pérdida de datos
C:\Users\why96\OneDrive\Documentos\VCPKG\vcpkg\installed\x86-windows\include\crow\http_connection.h(372): message : al compilar la función del miembro clase plantilla "void crow::Connection<Adaptor,Handler>::do_write_static(void)"
          with
          [
              Adaptor=crow::SocketAdaptor,
              Handler=crow::Crow<>
          ]
C:\Users\why96\OneDrive\Documentos\VCPKG\vcpkg\installed\x86-windows\include\crow\http_connection.h(249): message : Vea la referencia a la creación de una instancia de la función plantilla "void crow::Connection<Adaptor,Handler>::do_write_static(void)" que se está compilando
          with
          [
              Adaptor=crow::SocketAdaptor,
              Handler=crow::Crow<>
          ]
C:\Users\why96\OneDrive\Documentos\VCPKG\vcpkg\installed\x86-windows\include\crow\http_server.h(195): message : Vea la referencia a la creación de una instancia de clase plantilla "crow::Connection<Adaptor,Handler>" que se está compilando
          with
          [
              Adaptor=crow::SocketAdaptor,
              Handler=crow::Crow<>
          ]
C:\Users\why96\OneDrive\Documentos\VCPKG\vcpkg\installed\x86-windows\include\crow\http_server.h(195): message : al compilar la función del miembro clase plantilla "void crow::Server<crow::Crow<>,crow::SocketAdaptor>::do_accept(void)"
C:\Users\why96\OneDrive\Documentos\VCPKG\vcpkg\installed\x86-windows\include\crow\http_server.h(152): message : Vea la referencia a la creación de una instancia de la función plantilla "void crow::Server<crow::Crow<>,crow::SocketAdaptor>::do_accept(void)" que se está compilando
C:\Users\why96\OneDrive\Documentos\VCPKG\vcpkg\installed\x86-windows\include\crow\app.h(301): message : Vea la referencia a la creación de una instancia de clase plantilla "crow::Server<crow::Crow<>,crow::SocketAdaptor>" que se está compilando
C:\Users\why96\OneDrive\Documentos\VCPKG\vcpkg\installed\x86-windows\include\crow\app.h(280): message : al compilar la función del miembro clase plantilla "void crow::Crow<>::run(void)"
G:\Mi unidad\Universidad\06-Segundo semestre 2022\02 - EDD\Lab\[EDD_2S]BatallaNaval_202006353\Fase1\main.cpp(336): message : Vea la referencia a la creación de una instancia de la función plantilla "void crow::Crow<>::run(void)" que se está compilando
G:\Mi unidad\Universidad\06-Segundo semestre 2022\02 - EDD\Lab\[EDD_2S]BatallaNaval_202006353\Fase1\main.cpp(34): message : Vea la referencia a la creación de una instancia de clase plantilla "crow::Crow<>" que se está compilando
  Fase1.vcxproj -> G:\Mi unidad\Universidad\06-Segundo semestre 2022\02 - EDD\Lab\[EDD_2S]BatallaNaval_202006353\Fase1\Debug\Fase1.exe
